<?xml version="1.0" encoding="UTF-8"?>
<!-- Generated by org.testng.reporters.JUnitReportReporter -->
<testsuite hostname="Tushar" failures="0" tests="1" name="com.tests.TestClass1" time="3.014" errors="0" timestamp="11 Jun 2025 20:23:16 GMT" skipped="0">
  <testcase classname="com.tests.TestClass1" name="TC1" time="3.014"/>
</testsuite> <!-- com.tests.TestClass1 -->
