<?xml version="1.0" encoding="UTF-8"?>
<!-- Generated by org.testng.reporters.JUnitReportReporter -->
<testsuite hostname="Tushar" failures="0" tests="1" name="com.tests.TestClass1" time="2.912" errors="0" timestamp="28 Dec 2024 17:56:22 GMT" skipped="0">
  <testcase classname="com.tests.TestClass1" name="TC1" time="2.912"/>
</testsuite> <!-- com.tests.TestClass1 -->
